<?xml version="1.0" encoding="UTF-8"?>
<testng-results skipped="0" failed="0" ignored="0" total="1" passed="1">
  <reporter-output>
  </reporter-output>
  <suite name="Default suite" duration-ms="64557" started-at="2020-03-16T12:48:30 IST" finished-at="2020-03-16T12:49:35 IST">
    <groups>
    </groups>
    <test name="Default test" duration-ms="64557" started-at="2020-03-16T12:48:30 IST" finished-at="2020-03-16T12:49:35 IST">
      <class name="com.ekincare.selenium.homePage.HomePage">
        <test-method status="PASS" signature="startTest()[pri:0, instance:com.ekincare.selenium.homePage.HomePage@51e5fc98]" name="startTest" is-config="true" duration-ms="13274" started-at="2020-03-16T12:48:30 IST" finished-at="2020-03-16T12:48:44 IST">
          <reporter-output>
          </reporter-output>
        </test-method> <!-- startTest -->
        <test-method status="PASS" signature="Visioncheckups()[pri:5, instance:com.ekincare.selenium.homePage.HomePage@51e5fc98]" name="Visioncheckups" duration-ms="44289" started-at="2020-03-16T12:48:44 IST" finished-at="2020-03-16T12:49:28 IST">
          <reporter-output>
          </reporter-output>
        </test-method> <!-- Visioncheckups -->
        <test-method status="PASS" signature="endTest()[pri:0, instance:com.ekincare.selenium.homePage.HomePage@51e5fc98]" name="endTest" is-config="true" duration-ms="6941" started-at="2020-03-16T12:49:28 IST" finished-at="2020-03-16T12:49:35 IST">
          <reporter-output>
          </reporter-output>
        </test-method> <!-- endTest -->
      </class> <!-- com.ekincare.selenium.homePage.HomePage -->
    </test> <!-- Default test -->
  </suite> <!-- Default suite -->
</testng-results>
