<?xml version="1.0" encoding="UTF-8"?>
<!-- Generated by org.testng.reporters.JUnitXMLReporter -->
<testsuite hostname="DESKTOP-74L2JAA" ignored="0" name="Ekincare_Web" tests="53" failures="0" timestamp="2020-03-11T15:33:57 IST" time="3420.88" errors="0">
  <testcase name="talkWithDoctor" time="37.773" classname="com.ekincare.selenium.homePage.HomePage"/>
  <testcase name="HealthCheckups" time="44.262" classname="com.ekincare.selenium.homePage.HomePage"/>
  <testcase name="orderMedicinepastuploadself" time="42.229" classname="com.ekincare.selenium.homePage.HomePage"/>
  <testcase name="orderMedicinepastuploadselfDeleteAddress" time="28.652" classname="com.ekincare.selenium.homePage.HomePage"/>
  <testcase name="dentalCheckups" time="44.978" classname="com.ekincare.selenium.homePage.HomePage"/>
  <testcase name="Visioncheckups" time="50.456" classname="com.ekincare.selenium.homePage.HomePage"/>
  <testcase name="selfBenefits" time="52.539" classname="com.ekincare.selenium.benefits.AnnualHealthCheck"/>
  <testcase name="FamilyselfBenefits" time="53.551" classname="com.ekincare.selenium.benefits.AnnualHealthCheck"/>
  <testcase name="FamilyBenefits" time="54.793" classname="com.ekincare.selenium.benefits.AnnualHealthCheck"/>
  <testcase name="dental" time="46.133" classname="com.ekincare.selenium.benefits.DentalCheckups"/>
  <testcase name="pastuploadself" time="43.99" classname="com.ekincare.selenium.benefits.OrderMedicine"/>
  <testcase name="pastuploadselfwithaddress" time="64.631" classname="com.ekincare.selenium.benefits.OrderMedicine"/>
  <testcase name="pastuploadselfeditaddress" time="60.366" classname="com.ekincare.selenium.benefits.OrderMedicine"/>
  <testcase name="pastuploadselfDeleteplusAddaddress" time="48.065" classname="com.ekincare.selenium.benefits.OrderMedicine"/>
  <testcase name="pastuploadselfdeleteaddress" time="30.833" classname="com.ekincare.selenium.benefits.OrderMedicine"/>
  <testcase name="pastuploadFamilywithoutaddress" time="79.672" classname="com.ekincare.selenium.benefits.OrderMedicine"/>
  <testcase name="pastuploadFamilywithaddress" time="49.371" classname="com.ekincare.selenium.benefits.OrderMedicine"/>
  <testcase name="pastuploadFamilyEditaddress" time="59.891" classname="com.ekincare.selenium.benefits.OrderMedicine"/>
  <testcase name="pastuploadFamilyDeletePlusAddaddress" time="83.922" classname="com.ekincare.selenium.benefits.OrderMedicine"/>
  <testcase name="pastuploadFamilydeleteaddress" time="30.843" classname="com.ekincare.selenium.benefits.OrderMedicine"/>
  <testcase name="pastuploadSelfFamilywithoutaddress" time="81.98" classname="com.ekincare.selenium.benefits.OrderMedicine"/>
  <testcase name="pastuploadSelfFamilywithaddress" time="51.299" classname="com.ekincare.selenium.benefits.OrderMedicine"/>
  <testcase name="pastuploadSelfFamilyDeletePlusAddaddress" time="86.21" classname="com.ekincare.selenium.benefits.OrderMedicine"/>
  <testcase name="pastuploadSelfFamilydeleteaddress" time="33.125" classname="com.ekincare.selenium.benefits.OrderMedicine"/>
  <testcase name="ordermedicinenamewithoutaddress" time="42.9" classname="com.ekincare.selenium.benefits.OrderMedicine"/>
  <testcase name="ordermedicinenamewithaddress" time="30.267" classname="com.ekincare.selenium.benefits.OrderMedicine"/>
  <testcase name="ordermedicinenameEditaddress" time="41.17" classname="com.ekincare.selenium.benefits.OrderMedicine"/>
  <testcase name="ordermedicinenameDeletePlusAddAddress" time="47.196" classname="com.ekincare.selenium.benefits.OrderMedicine"/>
  <testcase name="ordermedicinenameDeleteAddress" time="30.266" classname="com.ekincare.selenium.benefits.OrderMedicine"/>
  <testcase name="uploadmedicinewithoutaddress" time="39.618" classname="com.ekincare.selenium.benefits.OrderMedicine"/>
  <testcase name="uploadmedicinewithaddress" time="24.722" classname="com.ekincare.selenium.benefits.OrderMedicine"/>
  <testcase name="uploadmedicineDeleteAddaddress" time="41.831" classname="com.ekincare.selenium.benefits.OrderMedicine"/>
  <testcase name="uploadmedicineDeleteaddress" time="24.753" classname="com.ekincare.selenium.benefits.OrderMedicine"/>
  <testcase name="TalkwithDoc" time="44.51" classname="com.ekincare.selenium.benefits.TalkWithDocBenefits"/>
  <testcase name="TalkwithDocWithFamilyMember" time="50.966" classname="com.ekincare.selenium.benefits.TalkWithDocBenefits"/>
  <testcase name="TalkwithDocwithAddFamilyMember" time="88.279" classname="com.ekincare.selenium.benefits.TalkWithDocBenefits"/>
  <testcase name="TalkwithDocwithouFamilyHomepage" time="60.72" classname="com.ekincare.selenium.benefits.TalkWithDocBenefits"/>
  <testcase name="TalkwithDocwithFamilyHomepage" time="62.089" classname="com.ekincare.selenium.benefits.TalkWithDocBenefits"/>
  <testcase name="scheduleReschedule" time="44.592" classname="com.ekincare.selenium.benefits.TalkWithFamilyDoctor"/>
  <testcase name="scheduleCancel" time="36.363" classname="com.ekincare.selenium.benefits.TalkWithFamilyDoctor"/>
  <testcase name="scheduleplusReschudleplusCancel" time="79.524" classname="com.ekincare.selenium.benefits.TalkWithFamilyDoctor"/>
  <testcase name="WithFamilymemberschedule" time="37.336" classname="com.ekincare.selenium.benefits.TalkWithFamilyDoctor"/>
  <testcase name="healthInsi" time="17.308" classname="com.ekincare.selenium.health.Insights"/>
  <testcase name="healthMRSelf" time="40.274" classname="com.ekincare.selenium.health.MedicalReports"/>
  <testcase name="healthMRSelfDelete" time="24.181" classname="com.ekincare.selenium.health.MedicalReports"/>
  <testcase name="healthMRFamily" time="41.686" classname="com.ekincare.selenium.health.MedicalReports"/>
  <testcase name="healthMRFamilyDelete" time="25.879" classname="com.ekincare.selenium.health.MedicalReports"/>
  <testcase name="improve" time="21.58" classname="com.ekincare.selenium.improve.Challenges"/>
  <testcase name="improveStop" time="25.507" classname="com.ekincare.selenium.improve.Challenges"/>
  <testcase name="improveRestart" time="25.229" classname="com.ekincare.selenium.improve.Challenges"/>
  <testcase name="eventsGoing" time="31.649" classname="com.ekincare.selenium.improve.Events"/>
  <testcase name="eventsnotGoing" time="26.765" classname="com.ekincare.selenium.improve.Events"/>
  <testcase name="eventsNotsure" time="27.354" classname="com.ekincare.selenium.improve.Events"/>
</testsuite> <!-- Ekincare_Web -->
