<?xml version="1.0" encoding="UTF-8"?>
<!-- Generated by org.testng.reporters.JUnitXMLReporter -->
<testsuite hostname="DESKTOP-74L2JAA" ignored="0" name="Default test" tests="3" failures="0" timestamp="23 Mar 2020 11:33:39 GMT" time="230.849" errors="0">
  <testcase name="goingEvent" time="62.53" classname="com.ekincare.androidautomation.improve.EventsTest"/>
  <testcase name="notGoingEvent" time="43.532" classname="com.ekincare.androidautomation.improve.EventsTest"/>
  <testcase name="notSureEvent" time="49.957" classname="com.ekincare.androidautomation.improve.EventsTest"/>
</testsuite> <!-- Default test -->
