<?xml version="1.0" encoding="UTF-8"?>
<testng-results skipped="0" failed="0" ignored="0" total="3" passed="3">
  <reporter-output>
  </reporter-output>
  <suite name="Default suite" duration-ms="230849" started-at="2020-03-23T11:29:48Z" finished-at="2020-03-23T11:33:39Z">
    <groups>
    </groups>
    <test name="Default test" duration-ms="230849" started-at="2020-03-23T11:29:48Z" finished-at="2020-03-23T11:33:39Z">
      <class name="com.ekincare.androidautomation.improve.EventsTest">
        <test-method status="PASS" signature="beginTest()[pri:0, instance:com.ekincare.androidautomation.improve.EventsTest@887af79]" name="beginTest" is-config="true" duration-ms="17694" started-at="2020-03-23T11:29:48Z" finished-at="2020-03-23T11:30:06Z">
          <reporter-output>
          </reporter-output>
        </test-method> <!-- beginTest -->
        <test-method status="PASS" signature="goingEvent()[pri:61, instance:com.ekincare.androidautomation.improve.EventsTest@887af79]" name="goingEvent" duration-ms="62530" started-at="2020-03-23T11:30:06Z" finished-at="2020-03-23T11:31:09Z">
          <reporter-output>
          </reporter-output>
        </test-method> <!-- goingEvent -->
        <test-method status="PASS" signature="endTest()[pri:0, instance:com.ekincare.androidautomation.improve.EventsTest@887af79]" name="endTest" is-config="true" duration-ms="4573" started-at="2020-03-23T11:31:09Z" finished-at="2020-03-23T11:31:13Z">
          <reporter-output>
          </reporter-output>
        </test-method> <!-- endTest -->
        <test-method status="PASS" signature="beginTest()[pri:0, instance:com.ekincare.androidautomation.improve.EventsTest@887af79]" name="beginTest" is-config="true" duration-ms="21851" started-at="2020-03-23T11:31:13Z" finished-at="2020-03-23T11:31:35Z">
          <reporter-output>
          </reporter-output>
        </test-method> <!-- beginTest -->
        <test-method status="PASS" signature="notGoingEvent()[pri:62, instance:com.ekincare.androidautomation.improve.EventsTest@887af79]" name="notGoingEvent" duration-ms="43532" started-at="2020-03-23T11:31:35Z" finished-at="2020-03-23T11:32:18Z">
          <reporter-output>
          </reporter-output>
        </test-method> <!-- notGoingEvent -->
        <test-method status="PASS" signature="endTest()[pri:0, instance:com.ekincare.androidautomation.improve.EventsTest@887af79]" name="endTest" is-config="true" duration-ms="4584" started-at="2020-03-23T11:32:18Z" finished-at="2020-03-23T11:32:23Z">
          <reporter-output>
          </reporter-output>
        </test-method> <!-- endTest -->
        <test-method status="PASS" signature="beginTest()[pri:0, instance:com.ekincare.androidautomation.improve.EventsTest@887af79]" name="beginTest" is-config="true" duration-ms="21536" started-at="2020-03-23T11:32:23Z" finished-at="2020-03-23T11:32:45Z">
          <reporter-output>
          </reporter-output>
        </test-method> <!-- beginTest -->
        <test-method status="PASS" signature="notSureEvent()[pri:63, instance:com.ekincare.androidautomation.improve.EventsTest@887af79]" name="notSureEvent" duration-ms="49957" started-at="2020-03-23T11:32:45Z" finished-at="2020-03-23T11:33:35Z">
          <reporter-output>
          </reporter-output>
        </test-method> <!-- notSureEvent -->
        <test-method status="PASS" signature="endTest()[pri:0, instance:com.ekincare.androidautomation.improve.EventsTest@887af79]" name="endTest" is-config="true" duration-ms="4541" started-at="2020-03-23T11:33:35Z" finished-at="2020-03-23T11:33:39Z">
          <reporter-output>
          </reporter-output>
        </test-method> <!-- endTest -->
      </class> <!-- com.ekincare.androidautomation.improve.EventsTest -->
    </test> <!-- Default test -->
  </suite> <!-- Default suite -->
</testng-results>
